Warning: unknown package "limber"
Warning: unknown package "tutorial"
Warning: unknown package "dev-tools"
Warning: unknown package "@nullvoxpopuli/limber-codemirror"
Warning: unknown package "limber-ui-test-app"
Warning: unknown package "@nullvoxpopuli/limber-styles"
Warning: unknown package "@nullvoxpopuli/limber-transpilation"
Warning: unknown package "@nullvoxpopuli/limber-consts"
Warning: unknown package "ember-repl-test-app"
Warning: unknown package "@nullvoxpopuli/horizon-theme"
Warning: unknown package "@glimdown/lezer-infra"
Warning: unknown package "@glimdown/codemirror-dev-preview"
Warning: unknown package "@nullvoxpopuli/limber-untyped"
Warning: unknown package "@nullvoxpopuli/spike-unified"
Warning: unknown package "@nullvoxpopuli/spike-url-shortening"
# Unlabeled Changes

* `tutorial`
  * [#1734](https://github.com/NullVoxPopuli/limber/pull/1734) Make a change ([@NullVoxPopuli](https://github.com/NullVoxPopuli))
  * [#1732](https://github.com/NullVoxPopuli/limber/pull/1732) Update ember-resources chapters ([@NullVoxPopuli](https://github.com/NullVoxPopuli))


*Cannot plan release until the above changes are labeled*.
